\BOOKMARK [1][-]{section.1}{\376\377\004\022\004\065\004\111\004\065\004\101\004\102\004\062\004\076\000.\000\040\004\032\004\073\004\060\004\101\004\101\004\070\004\104\004\070\004\072\004\060\004\106\004\070\004\117\000\040\004\105\004\070\004\074\004\070\004\107\004\065\004\101\004\072\004\070\004\105\000\040\004\062\004\065\004\111\004\065\004\101\004\102\004\062\000.\000\040\004\045\004\070\004\074\004\070\004\107\004\065\004\101\004\072\004\070\004\065\000\040\004\115\004\073\004\065\004\074\004\065\004\075\004\102\004\113\000.\000\040\004\020\004\102\004\076\004\074\000,\000\040\004\060\004\102\004\076\004\074\004\075\004\113\004\071\000\040\004\075\004\076\004\074\004\065\004\100\000,\000\040\004\076\004\102\004\075\004\076\004\101\004\070\004\102\004\065\004\073\004\114\004\075\004\060\004\117\000\040\004\060\004\102\004\076\004\074\004\075\004\060\004\117\000\040\004\074\004\060\004\101\004\101\004\060\000,\000\040\004\070\004\067\004\076\004\102\004\076\004\077\004\113\000.}{}% 1
\BOOKMARK [1][-]{section.2}{\376\377\004\037\004\065\004\100\004\070\004\076\004\064\004\070\004\107\004\065\004\101\004\072\004\060\004\117\000\040\004\101\004\070\004\101\004\102\004\065\004\074\004\060\000\040\004\105\004\070\004\074\004\070\004\107\004\065\004\101\004\072\004\070\004\105\000\040\004\115\004\073\004\065\004\074\004\065\004\075\004\102\004\076\004\062\000.\000\040\004\041\004\102\004\100\004\103\004\072\004\102\004\103\004\100\004\060\000\040\004\102\004\060\004\061\004\073\004\070\004\106\004\113\000\040\004\024\000.\004\030\000.\000\040\004\034\004\065\004\075\004\064\004\065\004\073\004\065\004\065\004\062\004\060\000,\000\040\004\063\004\100\004\103\004\077\004\077\004\113\000,\000\040\004\077\004\065\004\100\004\070\004\076\004\064\004\113\000\040\004\070\000\040\004\061\004\073\004\076\004\072\004\070\000.\000\040\004\034\004\065\004\102\004\060\004\073\004\073\004\113\000\040\004\070\000\040\004\075\004\065\004\074\004\065\004\102\004\060\004\073\004\073\004\113\000.}{}% 2
\BOOKMARK [2][-]{subsection.2.1}{\376\377\004\037\004\065\004\100\004\070\004\076\004\064\004\070\004\107\004\065\004\101\004\072\004\060\004\117\000\040\004\102\004\060\004\061\004\073\004\070\004\106\004\060}{section.2}% 3
\BOOKMARK [2][-]{subsection.2.2}{\376\377\004\041\004\102\004\100\004\103\004\072\004\102\004\103\004\100\004\060}{section.2}% 4
\BOOKMARK [2][-]{subsection.2.3}{\376\377\004\034\004\065\004\102\004\060\004\073\004\073\004\113\000\040\004\070\000\040\004\075\004\065\004\074\004\065\004\102\004\060\004\073\004\073\004\113}{section.2}% 5
\BOOKMARK [1][-]{section.3}{}{}% 6
\BOOKMARK [1][-]{section.4}{}{}% 7
\BOOKMARK [1][-]{section.5}{}{}% 8
\BOOKMARK [1][-]{section.6}{\376\377\004\032\004\062\004\060\004\075\004\102\004\076\004\062\004\113\004\065\000\040\004\107\004\070\004\101\004\073\004\060\000\040\004\115\004\073\004\065\004\072\004\102\004\100\004\076\004\075\004\060\000.\000\040\004\037\004\100\004\070\004\075\004\106\004\070\004\077\004\113\000\040\004\067\004\060\004\077\004\076\004\073\004\075\004\065\004\075\004\070\004\117\000\040\004\076\004\100\004\061\004\070\004\102\004\060\004\073\004\065\004\071\000.\000\040\004\055\004\073\004\065\004\072\004\102\004\100\004\076\004\075\004\075\004\060\004\117\000\040\004\104\004\076\004\100\004\074\004\103\004\073\004\060\000\040\004\060\004\102\004\076\004\074\004\060\000\040\004\070\000\040\004\070\004\076\004\075\004\060\000.\000\040\004\024\004\070\004\060\004\063\004\100\004\060\004\074\004\074\004\060\000\040\004\115\004\075\004\065\004\100\004\063\004\065\004\102\004\070\004\107\004\065\004\101\004\072\004\070\004\105\000\040\004\103\004\100\004\076\004\062\004\075\004\065\004\071\000\040\004\060\004\102\004\076\004\074\004\060\000.}{}% 9
\BOOKMARK [2][-]{subsection.6.1}{\376\377\004\032\004\062\004\060\004\075\004\102\004\076\004\062\004\113\004\065\000\040\004\107\004\070\004\101\004\073\004\060}{section.6}% 10
\BOOKMARK [2][-]{subsection.6.2}{\376\377\004\037\004\100\004\070\004\075\004\106\004\070\004\077\004\113\000\040\004\067\004\060\004\077\004\076\004\073\004\075\004\065\004\075\004\070\004\117\000\040\004\076\004\100\004\061\004\070\004\102\004\060\004\073\004\065\004\071}{section.6}% 11
\BOOKMARK [2][-]{subsection.6.3}{\376\377\004\055\004\073\004\065\004\072\004\102\004\100\004\076\004\075\004\075\004\060\004\117\000\040\004\104\004\076\004\100\004\074\004\103\004\073\004\060\000\040\004\060\004\102\004\076\004\074\004\060\000\040\004\070\000\040\004\070\004\076\004\075\004\060}{section.6}% 12
\BOOKMARK [1][-]{section.7}{\376\377\004\036\004\061\004\100\004\060\004\067\004\076\004\062\004\060\004\075\004\070\004\065\000\040\004\105\004\070\004\074\004\070\004\107\004\065\004\101\004\072\004\076\004\071\000\040\004\101\004\062\004\117\004\067\004\070\000\040\004\074\004\065\004\066\004\064\004\103\000\040\004\060\004\102\004\076\004\074\004\060\004\074\004\070\000.\000\040\004\032\004\076\004\062\004\060\004\073\004\065\004\075\004\102\004\075\004\060\004\117\000\040\004\101\004\062\004\117\004\067\004\114\000.\000\040\004\022\004\060\004\073\004\065\004\075\004\102\004\075\004\076\004\101\004\102\004\114\000.\000\040\004\037\004\100\004\060\004\062\004\070\004\073\004\076\000\040\004\076\004\072\004\102\004\065\004\102\004\060\000.\000\040\004\044\004\076\004\100\004\074\004\060\004\073\004\114\004\075\004\113\004\071\000\040\004\067\004\060\004\100\004\117\004\064\000\040\004\070\000\040\004\101\004\102\004\065\004\077\004\065\004\075\004\114\000\040\004\076\004\072\004\070\004\101\004\073\004\065\004\075\004\070\004\117\000\040\004\115\004\073\004\065\004\074\004\065\004\075\004\102\004\060\000\040\004\062\000\040\004\101\004\076\004\065\004\064\004\070\004\075\004\065\004\075\004\070\004\070\000.}{}% 13
\BOOKMARK [2][-]{subsection.7.1}{\376\377\004\032\004\076\004\062\004\060\004\073\004\065\004\075\004\102\004\075\004\060\004\117\000\040\004\101\004\062\004\117\004\067\004\114}{section.7}% 14
\BOOKMARK [2][-]{subsection.7.2}{\376\377\004\022\004\060\004\073\004\065\004\075\004\102\004\075\004\076\004\101\004\102\004\114}{section.7}% 15
\BOOKMARK [2][-]{subsection.7.3}{\376\377\004\041\004\102\004\065\004\077\004\065\004\075\004\114\000\040\004\076\004\072\004\070\004\101\004\073\004\065\004\075\004\070\004\117\000\040\004\115\004\073\004\065\004\074\004\065\004\075\004\102\004\060}{section.7}% 16
\BOOKMARK [2][-]{subsection.7.4}{\376\377\004\044\004\076\004\100\004\074\004\060\004\073\004\114\004\075\004\113\004\071\000\040\004\067\004\060\004\100\004\117\004\064}{section.7}% 17
\BOOKMARK [1][-]{section.8}{}{}% 18
\BOOKMARK [1][-]{section.9}{}{}% 19
\BOOKMARK [1][-]{section.10}{}{}% 20
\BOOKMARK [1][-]{section.11}{\376\377\004\040\004\060\004\101\004\102\004\062\004\076\004\100\004\113\000,\000\040\004\070\004\105\000\040\004\072\004\073\004\060\004\101\004\101\004\070\004\104\004\070\004\072\004\060\004\106\004\070\004\117\000.\000\040\004\041\004\077\004\076\004\101\004\076\004\061\004\113\000\040\004\062\004\113\004\100\004\060\004\066\004\065\004\075\004\070\004\117\000\040\004\101\004\076\004\101\004\102\004\060\004\062\004\060\000\040\004\100\004\060\004\101\004\102\004\062\004\076\004\100\004\060\000\040\040\023\000\040\004\074\004\076\004\073\004\114\004\075\004\060\004\117\000\040\004\070\000\040\004\074\004\060\004\101\004\101\004\076\004\062\004\060\004\117\000\040\004\064\004\076\004\073\004\070\000,\000\040\004\074\004\076\004\073\004\117\004\100\004\075\004\060\004\117\000\040\004\072\004\076\004\075\004\106\004\065\004\075\004\102\004\100\004\060\004\106\004\070\004\117\000.\000\040\004\037\004\076\004\073\004\117\004\100\004\075\004\113\004\065\000\040\004\070\000\040\004\075\004\065\004\077\004\076\004\073\004\117\004\100\004\075\004\113\004\065\000\040\004\100\004\060\004\101\004\102\004\062\004\076\004\100\004\070\004\102\004\065\004\073\004\070\000.\000\040\004\036\004\102\004\073\004\070\004\107\004\070\004\065\000\040\004\101\004\062\004\076\004\071\004\101\004\102\004\062\000\040\004\100\004\060\004\101\004\102\004\062\004\076\004\100\004\076\004\062\000\040\004\076\004\102\000\040\004\101\004\062\004\076\004\071\004\101\004\102\004\062\000\040\004\070\004\075\004\064\004\070\004\062\004\070\004\064\004\103\004\060\004\073\004\114\004\075\004\113\004\105\000\040\004\062\004\065\004\111\004\065\004\101\004\102\004\062\000.}{}% 21
\BOOKMARK [2][-]{subsection.11.1}{\376\377\004\040\004\060\004\101\004\102\004\062\004\076\004\100\004\113\000\040\004\070\000\040\004\070\004\105\000\040\004\072\004\073\004\060\004\101\004\101\004\070\004\104\004\070\004\072\004\060\004\106\004\070\004\117}{section.11}% 22
\BOOKMARK [2][-]{subsection.11.2}{\376\377\004\041\004\077\004\076\004\101\004\076\004\061\004\113\000\040\004\062\004\113\004\100\004\060\004\066\004\065\004\075\004\070\004\117\000\040\004\101\004\076\004\101\004\102\004\060\004\062\004\060\000\040\004\100\004\060\004\101\004\102\004\062\004\076\004\100\004\060}{section.11}% 23
\BOOKMARK [2][-]{subsection.11.3}{\376\377\004\037\004\076\004\073\004\117\004\100\004\075\004\113\004\065\000\040\004\070\000\040\004\075\004\065\004\077\004\076\004\073\004\117\004\100\004\075\004\113\004\065\000\040\004\100\004\060\004\101\004\102\004\062\004\076\004\100\004\070\004\102\004\065\004\073\004\070}{section.11}% 24
\BOOKMARK [2][-]{subsection.11.4}{\376\377\004\036\004\102\004\073\004\070\004\107\004\070\004\117\000\040\004\101\004\062\004\076\004\071\004\101\004\102\004\062\000\040\004\100\004\060\004\101\004\102\004\062\004\076\004\100\004\076\004\062\000\040\004\076\004\102\000\040\004\101\004\062\004\076\004\071\004\101\004\102\004\062\000\040\004\070\004\075\004\064\004\070\004\062\004\070\004\064\004\103\004\060\004\073\004\114\004\075\004\113\004\105\000\040\004\062\004\065\004\111\004\065\004\101\004\102\004\062}{section.11}% 25
\BOOKMARK [1][-]{section.12}{\376\377\004\037\004\076\004\073\004\076\004\066\004\065\004\075\004\070\004\065\000\040\004\074\004\065\004\102\004\060\004\073\004\073\004\076\004\062\000\040\004\062\000\040\004\037\004\065\004\100\004\070\004\076\004\064\004\070\004\107\004\065\004\101\004\072\004\076\004\071\000\040\004\101\004\070\004\101\004\102\004\065\004\074\004\065\000.\000\040\004\036\004\061\004\111\004\070\004\065\000\040\004\104\004\070\004\067\004\070\004\107\004\065\004\101\004\072\004\070\004\065\000\040\004\070\000\040\004\105\004\070\004\074\004\070\004\107\004\065\004\101\004\072\004\070\004\065\000\040\004\101\004\062\004\076\004\071\004\101\004\102\004\062\004\060\000\040\004\074\004\065\004\102\004\060\004\073\004\073\004\076\004\062}{}% 26
\BOOKMARK [2][-]{subsection.12.1}{\376\377\004\036\004\061\004\111\004\070\004\065\000\040\004\101\004\062\004\076\004\071\004\101\004\102\004\062\004\060}{section.12}% 27
\BOOKMARK [1][-]{section.13}{}{}% 28
\BOOKMARK [1][-]{section.14}{}{}% 29
\BOOKMARK [1][-]{section.15}{}{}% 30
\BOOKMARK [1][-]{section.16}{}{}% 31
\BOOKMARK [1][-]{section.17}{\376\377\004\023\004\070\004\064\004\100\004\076\004\073\004\070\004\067\000\040\004\101\004\076\004\073\004\065\004\071\000.\000\040\004\021\004\103\004\104\004\065\004\100\004\075\004\113\004\065\000\040\004\100\004\060\004\101\004\102\004\062\004\076\004\100\004\113\000.\000\040\004\032\004\070\004\101\004\073\004\076\004\102\004\113\000\040\004\070\000\040\004\076\004\101\004\075\004\076\004\062\004\060\004\075\004\070\004\117\000\040\004\077\004\076\000\040\004\033\004\114\004\116\004\070\004\101\004\103}{}% 32
\BOOKMARK [2][-]{subsection.17.1}{\376\377\004\034\004\065\004\105\004\060\004\075\004\070\004\067\004\074\000\040\004\063\004\070\004\064\004\100\004\076\004\073\004\070\004\067\004\060\000\040\004\101\004\076\004\073\004\065\004\071}{section.17}% 33
\BOOKMARK [3][-]{subsubsection.17.1.1}{\376\377\004\041\004\073\004\060\004\061\004\076\004\065\000\040\004\076\004\101\004\075\004\076\004\062\004\060\004\075\004\070\004\065\000\040\000+\000\040\004\101\004\070\004\073\004\114\004\075\004\060\004\117\000\040\004\072\004\070\004\101\004\073\004\076\004\102\004\060}{subsection.17.1}% 34
\BOOKMARK [3][-]{subsubsection.17.1.2}{\376\377\004\041\004\070\004\073\004\114\004\075\004\076\004\065\000\040\004\076\004\101\004\075\004\076\004\062\004\060\004\075\004\070\004\065\000\040\000+\000\040\004\101\004\073\004\060\004\061\004\060\004\117\000\040\004\072\004\070\004\101\004\073\004\076\004\102\004\060}{subsection.17.1}% 35
\BOOKMARK [3][-]{subsubsection.17.1.3}{\376\377\004\041\004\073\004\060\004\061\004\076\004\065\000\040\004\076\004\101\004\075\004\076\004\062\004\060\004\075\004\070\004\065\000\040\000+\000\040\004\101\004\073\004\060\004\061\004\060\004\117\000\040\004\072\004\070\004\101\004\073\004\076\004\102\004\060}{subsection.17.1}% 36
\BOOKMARK [3][-]{subsubsection.17.1.4}{\376\377\004\041\004\070\004\073\004\114\004\075\004\076\004\065\000\040\004\076\004\101\004\075\004\076\004\062\004\060\004\075\004\070\004\065\000\040\000+\000\040\004\101\004\070\004\073\004\114\004\075\004\060\004\117\000\040\004\072\004\070\004\101\004\073\004\076\004\102\004\060}{subsection.17.1}% 37
\BOOKMARK [2][-]{subsection.17.2}{\376\377\004\021\004\103\004\104\004\065\004\100\004\075\004\113\004\065\000\040\004\100\004\060\004\101\004\102\004\062\004\076\004\100\004\113}{section.17}% 38
\BOOKMARK [2][-]{subsection.17.3}{\376\377\004\032\004\070\004\101\004\073\004\076\004\102\004\113\000\040\004\070\000\040\004\076\004\101\004\075\004\076\004\062\004\060\004\075\004\070\004\117\000\040\004\077\004\076\000\040\004\033\004\114\004\116\004\070\004\101\004\103}{section.17}% 39
\BOOKMARK [1][-]{section.18}{}{}% 40
\BOOKMARK [1][-]{section.19}{}{}% 41
\BOOKMARK [1][-]{section.20}{}{}% 42
\BOOKMARK [1][-]{section.21}{}{}% 43
\BOOKMARK [1][-]{section.22}{}{}% 44
\BOOKMARK [1][-]{section.23}{}{}% 45
\BOOKMARK [1][-]{section.24}{}{}% 46
\BOOKMARK [1][-]{section.25}{}{}% 47
\BOOKMARK [1][-]{section.26}{}{}% 48
